\BOOKMARK [0][-]{chapter.1}{Pr\351sentation du projet}{}% 1
\BOOKMARK [1][-]{section.1.1}{Sujet}{chapter.1}% 2
\BOOKMARK [1][-]{section.1.2}{Probl\351matique soulev\351e}{chapter.1}% 3
\BOOKMARK [1][-]{section.1.3}{Hypoth\350se de solution}{chapter.1}% 4
\BOOKMARK [0][-]{chapter.2}{Analyse de l'existant}{}% 5
\BOOKMARK [1][-]{section.2.1}{Partie 1}{chapter.2}% 6
\BOOKMARK [2][-]{subsection.2.1.1}{Sous-partie 1}{section.2.1}% 7
\BOOKMARK [2][-]{subsection.2.1.2}{Sous-partie 2}{section.2.1}% 8
\BOOKMARK [1][-]{section.2.2}{Partie 2}{chapter.2}% 9
\BOOKMARK [1][-]{section.2.3}{Bilan r\351capitulatif}{chapter.2}% 10
\BOOKMARK [0][-]{chapter.3}{Analyse des besoins}{}% 11
\BOOKMARK [1][-]{section.3.1}{Besoins fonctionnels}{chapter.3}% 12
\BOOKMARK [2][-]{subsection.3.1.1}{Sous-partie 1}{section.3.1}% 13
\BOOKMARK [2][-]{subsection.3.1.2}{Sous-partie 2}{section.3.1}% 14
\BOOKMARK [1][-]{section.3.2}{Besoins non-fonctionnels}{chapter.3}% 15
\BOOKMARK [2][-]{subsection.3.2.1}{Sous-partie 1}{section.3.2}% 16
\BOOKMARK [2][-]{subsection.3.2.2}{Sous-partie 2}{section.3.2}% 17
\BOOKMARK [1][-]{section.3.3}{D\351veloppement}{chapter.3}% 18
\BOOKMARK [2][-]{subsection.3.3.1}{T\342ches}{section.3.3}% 19
\BOOKMARK [2][-]{subsection.3.3.2}{Tests}{section.3.3}% 20
\BOOKMARK [0][-]{chapter.4}{Autre partie}{}% 21
\BOOKMARK [1][-]{section.4.1}{Partie 1}{chapter.4}% 22
\BOOKMARK [2][-]{subsection.4.1.1}{Sous-partie 1}{section.4.1}% 23
\BOOKMARK [2][-]{subsection.4.1.2}{Sous-partie 2}{section.4.1}% 24
\BOOKMARK [3][-]{subsubsection.4.1.2.1}{Sous-sous-partie 1}{subsection.4.1.2}% 25
\BOOKMARK [3][-]{subsubsection.4.1.2.2}{Sous-sous-partie 2}{subsection.4.1.2}% 26
\BOOKMARK [4][-]{paragraph.4.1.2.2.1}{Paragraphe 1 \(agissant comme titre niveau 5\)}{subsubsection.4.1.2.2}% 27
\BOOKMARK [4][-]{paragraph.4.1.2.2.2}{Paragraphe 2}{subsubsection.4.1.2.2}% 28
\BOOKMARK [3][-]{subsubsection.4.1.2.3}{Sous-sous-partie 3}{subsection.4.1.2}% 29
\BOOKMARK [1][-]{section.4.2}{Partie 2}{chapter.4}% 30
\BOOKMARK [2][-]{subsection.4.2.1}{Sous-partie 1}{section.4.2}% 31
\BOOKMARK [2][-]{subsection.4.2.2}{Sous-partie 2}{section.4.2}% 32
\BOOKMARK [2][-]{subsection.4.2.3}{Sous-partie 3}{section.4.2}% 33
\BOOKMARK [0][-]{chapter.5}{R\351sultats}{}% 34
\BOOKMARK [1][-]{section.5.1}{Partie 1}{chapter.5}% 35
\BOOKMARK [2][-]{subsection.5.1.1}{Sous-partie 1}{section.5.1}% 36
\BOOKMARK [2][-]{subsection.5.1.2}{Sous-partie 2}{section.5.1}% 37
\BOOKMARK [2][-]{subsection.5.1.3}{Sous-partie 3}{section.5.1}% 38
\BOOKMARK [1][-]{section.5.2}{Partie 2}{chapter.5}% 39
\BOOKMARK [0][-]{chapter.6}{Bilan}{}% 40
\BOOKMARK [-1][-]{part*.26}{Annexes}{}% 41
\BOOKMARK [0][-]{chapter*.27}{Annexe 1}{part*.26}% 42
\BOOKMARK [1][-]{section.6.1}{Partie 1}{chapter*.27}% 43
\BOOKMARK [2][-]{subsection.6.1.1}{Sous-partie 1}{section.6.1}% 44
\BOOKMARK [2][-]{subsection.6.1.2}{Sous-partie 2}{section.6.1}% 45
\BOOKMARK [2][-]{subsection.6.1.3}{Sous-partie 3}{section.6.1}% 46
\BOOKMARK [1][-]{section.6.2}{Partie 2}{chapter*.27}% 47
\BOOKMARK [2][-]{subsection.6.2.1}{Sous-partie 1}{section.6.2}% 48
\BOOKMARK [2][-]{subsection.6.2.2}{Sous-partie 2}{section.6.2}% 49
\BOOKMARK [2][-]{subsection.6.2.3}{Sous-partie 3}{section.6.2}% 50
\BOOKMARK [0][-]{chapter*.28}{Annexe 2}{part*.26}% 51
\BOOKMARK [1][-]{section*.29}{Pr\351requis}{chapter*.28}% 52
\BOOKMARK [1][-]{section.6.1}{Partie 1}{chapter*.28}% 53
\BOOKMARK [2][-]{subsection.6.1.1}{Sous-parie 1}{section.6.1}% 54
\BOOKMARK [2][-]{subsection.6.1.2}{Sous-parie 2}{section.6.1}% 55
\BOOKMARK [1][-]{section.6.2}{Partie 2}{chapter*.28}% 56
\BOOKMARK [1][-]{section.6.3}{Partie 3}{chapter*.28}% 57
